usage: conda [-h] [--no-plugins] [-V] COMMAND ...
conda: error: argument COMMAND: invalid choice: 'deactivate' (choose from 'clean', 'compare', 'config', 'create', 'info', 'init', 'install', 'list', 'notices', 'package', 'remove', 'uninstall', 'rename', 'run', 'search', 'update', 'upgrade', 'build', 'content-trust', 'convert', 'debug', 'develop', 'doctor', 'index', 'inspect', 'metapackage', 'render', 'skeleton', 'pack', 'server', 'verify', 'repo', 'env', 'token')
usage: conda [-h] [--no-plugins] [-V] COMMAND ...
conda: error: argument COMMAND: invalid choice: 'deactivate' (choose from 'clean', 'compare', 'config', 'create', 'info', 'init', 'install', 'list', 'notices', 'package', 'remove', 'uninstall', 'rename', 'run', 'search', 'update', 'upgrade', 'build', 'content-trust', 'convert', 'debug', 'develop', 'doctor', 'index', 'inspect', 'metapackage', 'render', 'skeleton', 'token', 'pack', 'verify', 'server', 'env', 'repo')
no change     /curc/sw/anaconda3/2023.09/condabin/conda
no change     /curc/sw/anaconda3/2023.09/bin/conda
no change     /curc/sw/anaconda3/2023.09/bin/conda-env
no change     /curc/sw/anaconda3/2023.09/bin/activate
no change     /curc/sw/anaconda3/2023.09/bin/deactivate
no change     /curc/sw/anaconda3/2023.09/etc/profile.d/conda.sh
no change     /curc/sw/anaconda3/2023.09/etc/fish/conf.d/conda.fish
no change     /curc/sw/anaconda3/2023.09/shell/condabin/Conda.psm1
no change     /curc/sw/anaconda3/2023.09/shell/condabin/conda-hook.ps1
no change     /curc/sw/anaconda3/2023.09/lib/python3.11/site-packages/xontrib/conda.xsh
no change     /curc/sw/anaconda3/2023.09/etc/profile.d/conda.csh
no change     /home/mlippincott@xsede.org/.bashrc
No action taken.
Processing well_fov D6-1 (60X) for patient NF0018
Processing directory  of Segmenting Nuclei
  0%|          | 0/20 [00:00<?, ?it/s]  5%|▌         | 1/20 [00:02<00:44,  2.33s/it] 10%|█         | 2/20 [00:02<00:21,  1.21s/it] 15%|█▌        | 3/20 [00:03<00:14,  1.16it/s] 20%|██        | 4/20 [00:03<00:11,  1.44it/s] 25%|██▌       | 5/20 [00:04<00:08,  1.67it/s] 30%|███       | 6/20 [00:04<00:07,  1.84it/s] 35%|███▌      | 7/20 [00:04<00:06,  1.99it/s] 40%|████      | 8/20 [00:05<00:05,  2.08it/s] 45%|████▌     | 9/20 [00:05<00:05,  2.10it/s] 50%|█████     | 10/20 [00:06<00:04,  2.16it/s] 55%|█████▌    | 11/20 [00:06<00:04,  2.20it/s] 60%|██████    | 12/20 [00:07<00:03,  2.25it/s] 65%|██████▌   | 13/20 [00:07<00:03,  2.30it/s] 70%|███████   | 14/20 [00:07<00:02,  2.32it/s] 75%|███████▌  | 15/20 [00:08<00:02,  2.34it/s] 80%|████████  | 16/20 [00:08<00:01,  2.35it/s] 85%|████████▌ | 17/20 [00:09<00:01,  2.35it/s] 90%|█████████ | 18/20 [00:09<00:00,  2.37it/s] 95%|█████████▌| 19/20 [00:10<00:00,  2.43it/s]100%|██████████| 20/20 [00:10<00:00,  2.85it/s]100%|██████████| 20/20 [00:10<00:00,  1.96it/s]
Completed Nuclei Segmentation
Segmenting Cells
Completed Cell Segmentation
Segmenting Organoids
  0%|          | 0/25 [00:00<?, ?it/s]  8%|▊         | 2/25 [00:00<00:01, 15.38it/s] 16%|█▌        | 4/25 [00:00<00:01, 13.81it/s] 24%|██▍       | 6/25 [00:00<00:01, 14.77it/s] 32%|███▏      | 8/25 [00:00<00:01, 13.98it/s] 40%|████      | 10/25 [00:00<00:01, 13.61it/s] 48%|████▊     | 12/25 [00:00<00:00, 14.37it/s] 56%|█████▌    | 14/25 [00:00<00:00, 13.82it/s] 64%|██████▍   | 16/25 [00:01<00:00, 14.48it/s] 72%|███████▏  | 18/25 [00:01<00:00, 13.90it/s] 80%|████████  | 20/25 [00:01<00:00, 13.51it/s] 88%|████████▊ | 22/25 [00:01<00:00, 14.19it/s] 96%|█████████▌| 24/25 [00:01<00:00, 13.73it/s]100%|██████████| 25/25 [00:01<00:00, 13.93it/s]
  0%|          | 0/18 [00:00<?, ?it/s]  6%|▌         | 1/18 [00:02<00:44,  2.63s/it] 11%|█         | 2/18 [00:03<00:25,  1.61s/it] 17%|█▋        | 3/18 [00:06<00:36,  2.46s/it] 22%|██▏       | 4/18 [00:09<00:35,  2.57s/it] 28%|██▊       | 5/18 [00:12<00:36,  2.78s/it] 33%|███▎      | 6/18 [00:13<00:25,  2.12s/it] 39%|███▉      | 7/18 [00:14<00:18,  1.68s/it] 44%|████▍     | 8/18 [00:15<00:13,  1.40s/it] 50%|█████     | 9/18 [00:16<00:11,  1.24s/it] 56%|█████▌    | 10/18 [00:20<00:16,  2.11s/it] 61%|██████    | 11/18 [00:21<00:12,  1.80s/it] 67%|██████▋   | 12/18 [00:25<00:15,  2.52s/it] 72%|███████▏  | 13/18 [00:29<00:14,  2.84s/it] 78%|███████▊  | 14/18 [00:33<00:13,  3.26s/it] 83%|████████▎ | 15/18 [00:36<00:10,  3.35s/it] 89%|████████▉ | 16/18 [00:41<00:07,  3.59s/it] 94%|█████████▍| 17/18 [00:43<00:03,  3.22s/it]100%|██████████| 18/18 [00:44<00:00,  2.46s/it]100%|██████████| 18/18 [00:44<00:00,  2.45s/it]
Completed Organoid Segmentation
Decoupling nuclei
0it [00:00, ?it/s]3it [00:00, 20.93it/s]6it [00:00, 18.51it/s]8it [00:00, 17.91it/s]10it [00:00, 17.64it/s]12it [00:00, 13.07it/s]14it [00:00, 14.12it/s]16it [00:01, 13.69it/s]18it [00:01, 14.54it/s]20it [00:01, 15.22it/s]21it [00:01, 15.85it/s]
Traceback (most recent call last):
  File "/projects/mlippincott@xsede.org/software/anaconda/envs/GFF_segmentation/lib/python3.11/site-packages/pandas/core/indexes/base.py", line 3805, in get_loc
    return self._engine.get_loc(casted_key)
           ^^^^^^^^^^^^^^^^^^^^^^^^^^^^^^^^
  File "index.pyx", line 167, in pandas._libs.index.IndexEngine.get_loc
  File "index.pyx", line 196, in pandas._libs.index.IndexEngine.get_loc
  File "pandas/_libs/hashtable_class_helper.pxi", line 7081, in pandas._libs.hashtable.PyObjectHashTable.get_item
  File "pandas/_libs/hashtable_class_helper.pxi", line 7089, in pandas._libs.hashtable.PyObjectHashTable.get_item
KeyError: 'label'

The above exception was the direct cause of the following exception:

Traceback (most recent call last):
  File "/gpfs/alpine1/scratch/mlippincott@xsede.org/GFF_3D_organoid_profiling_pipeline/2.segment_images/scripts/4.reconstruct_3D_masks.py", line 372, in <module>
    mask[mask == tmp_df.iloc[i]["original_label"]] = tmp_df.iloc[i]["label"]
                                                     ~~~~~~~~~~~~~~^^^^^^^^^
  File "/projects/mlippincott@xsede.org/software/anaconda/envs/GFF_segmentation/lib/python3.11/site-packages/pandas/core/series.py", line 1121, in __getitem__
    return self._get_value(key)
           ^^^^^^^^^^^^^^^^^^^^
  File "/projects/mlippincott@xsede.org/software/anaconda/envs/GFF_segmentation/lib/python3.11/site-packages/pandas/core/series.py", line 1237, in _get_value
    loc = self.index.get_loc(label)
          ^^^^^^^^^^^^^^^^^^^^^^^^^
  File "/projects/mlippincott@xsede.org/software/anaconda/envs/GFF_segmentation/lib/python3.11/site-packages/pandas/core/indexes/base.py", line 3812, in get_loc
    raise KeyError(key) from err
KeyError: 'label'
Decoupling cell
0it [00:00, ?it/s]1it [00:00,  7.70it/s]2it [00:00,  8.09it/s]3it [00:00,  6.61it/s]4it [00:00,  6.06it/s]5it [00:00,  5.83it/s]6it [00:00,  5.69it/s]7it [00:01,  5.61it/s]8it [00:01,  5.53it/s]9it [00:01,  5.83it/s]10it [00:01,  6.42it/s]11it [00:01,  6.89it/s]12it [00:01,  7.30it/s]13it [00:01,  7.54it/s]14it [00:02,  7.70it/s]15it [00:02,  7.81it/s]16it [00:02,  7.95it/s]17it [00:02,  8.02it/s]18it [00:02,  7.92it/s]19it [00:02,  7.90it/s]21it [00:02, 10.45it/s]21it [00:02,  7.35it/s]
Decoupling organoid
0it [00:00, ?it/s]3it [00:00, 17.31it/s]5it [00:00, 11.20it/s]7it [00:01,  5.43it/s]8it [00:01,  4.05it/s]9it [00:02,  3.29it/s]10it [00:02,  2.91it/s]11it [00:02,  2.75it/s]12it [00:03,  2.61it/s]13it [00:03,  2.42it/s]14it [00:04,  2.69it/s]15it [00:04,  2.89it/s]16it [00:04,  3.07it/s]17it [00:04,  3.25it/s]18it [00:05,  3.48it/s]19it [00:05,  4.00it/s]21it [00:05,  3.90it/s]
Traceback (most recent call last):
  File "/gpfs/alpine1/scratch/mlippincott@xsede.org/GFF_3D_organoid_profiling_pipeline/2.segment_images/scripts/5.create_cytoplasm_masks.py", line 74, in <module>
    ).resolve(strict=True)
      ^^^^^^^^^^^^^^^^^^^^
  File "/projects/mlippincott@xsede.org/software/anaconda/envs/GFF_segmentation/lib/python3.11/pathlib.py", line 993, in resolve
    s = os.path.realpath(self, strict=strict)
        ^^^^^^^^^^^^^^^^^^^^^^^^^^^^^^^^^^^^^
  File "<frozen posixpath>", line 416, in realpath
  File "<frozen posixpath>", line 451, in _joinrealpath
FileNotFoundError: [Errno 2] No such file or directory: '/gpfs/alpine1/scratch/mlippincott@xsede.org/GFF_3D_organoid_profiling_pipeline/data/NF0018/processed_data/D6-1 (60X)/nuclei_masks_reconstructed.tiff'
Segmentation complete
